Going to the folder - Dynamic-Risk-Assessment-System
here is directory
/Users/ntphuc/Downloads/Internview/MLOPs/cd0581-building-a-reproducible-model-workflow-exercises/Dynamic-Risk-Assessment-System
Activating environment
Processing runnning
Going to the folder - Dynamic-Risk-Assessment-System
here is directory
/Users/ntphuc/Downloads/Internview/MLOPs/cd0581-building-a-reproducible-model-workflow-exercises/Dynamic-Risk-Assessment-System
Activating environment
Processing runnning
Going to the folder - Dynamic-Risk-Assessment-System
here is directory
/Users/ntphuc/Downloads/Internview/MLOPs/cd0581-building-a-reproducible-model-workflow-exercises/Dynamic-Risk-Assessment-System
Activating environment
Processing runnning
Going to the folder - Dynamic-Risk-Assessment-System
here is directory
/Users/ntphuc/Downloads/Internview/MLOPs/cd0581-building-a-reproducible-model-workflow-exercises/Dynamic-Risk-Assessment-System
Activating environment
Processing runnning
Going to the folder - Dynamic-Risk-Assessment-System
here is directory
/Users/ntphuc/Downloads/Internview/MLOPs/cd0581-building-a-reproducible-model-workflow-exercises/Dynamic-Risk-Assessment-System
Activating environment
Processing runnning
Going to the folder - Dynamic-Risk-Assessment-System
here is directory
/Users/ntphuc/Downloads/Internview/MLOPs/cd0581-building-a-reproducible-model-workflow-exercises/Dynamic-Risk-Assessment-System
Activating environment
Processing runnning
Going to the folder - Dynamic-Risk-Assessment-System
here is directory
/Users/ntphuc/Downloads/Internview/MLOPs/cd0581-building-a-reproducible-model-workflow-exercises/Dynamic-Risk-Assessment-System
Activating environment
Processing runnning
Going to the folder - Dynamic-Risk-Assessment-System
here is directory
/Users/ntphuc/Downloads/Internview/MLOPs/cd0581-building-a-reproducible-model-workflow-exercises/Dynamic-Risk-Assessment-System
Activating environment
Processing runnning
Going to the folder - Dynamic-Risk-Assessment-System
here is directory
/Users/ntphuc/Downloads/Internview/MLOPs/cd0581-building-a-reproducible-model-workflow-exercises/Dynamic-Risk-Assessment-System
Activating environment
Processing runnning
Going to the folder - Dynamic-Risk-Assessment-System
here is directory
/Users/ntphuc/Downloads/Internview/MLOPs/cd0581-building-a-reproducible-model-workflow-exercises/Dynamic-Risk-Assessment-System
Activating environment
Processing runnning
Going to the folder - Dynamic-Risk-Assessment-System
here is directory
/Users/ntphuc/Downloads/Internview/MLOPs/cd0581-building-a-reproducible-model-workflow-exercises/Dynamic-Risk-Assessment-System
Activating environment
Processing runnning
Going to the folder - Dynamic-Risk-Assessment-System
here is directory
/Users/ntphuc/Downloads/Internview/MLOPs/cd0581-building-a-reproducible-model-workflow-exercises/Dynamic-Risk-Assessment-System
Activating environment
Processing runnning
Going to the folder - Dynamic-Risk-Assessment-System
here is directory
/Users/ntphuc/Downloads/Internview/MLOPs/cd0581-building-a-reproducible-model-workflow-exercises/Dynamic-Risk-Assessment-System
Activating environment
Processing runnning
Going to the folder - Dynamic-Risk-Assessment-System
here is directory
/Users/ntphuc/Downloads/Internview/MLOPs/cd0581-building-a-reproducible-model-workflow-exercises/Dynamic-Risk-Assessment-System
Activating environment
Processing runnning
Going to the folder - Dynamic-Risk-Assessment-System
here is directory
/Users/ntphuc/Downloads/Internview/MLOPs/cd0581-building-a-reproducible-model-workflow-exercises/Dynamic-Risk-Assessment-System
Activating environment
Processing runnning
Going to the folder - Dynamic-Risk-Assessment-System
here is directory
/Users/ntphuc/Downloads/Internview/MLOPs/cd0581-building-a-reproducible-model-workflow-exercises/Dynamic-Risk-Assessment-System
Activating environment
Processing runnning
Going to the folder - Dynamic-Risk-Assessment-System
here is directory
/Users/ntphuc/Downloads/Internview/MLOPs/cd0581-building-a-reproducible-model-workflow-exercises/Dynamic-Risk-Assessment-System
Activating environment
Processing runnning
Going to the folder - Dynamic-Risk-Assessment-System
here is directory
/Users/ntphuc/Downloads/Internview/MLOPs/cd0581-building-a-reproducible-model-workflow-exercises/Dynamic-Risk-Assessment-System
Activating environment
Processing runnning
